[INFO] Scanning for projects...
[INFO] 
[INFO] -----------------< com.familynest:familynest-backend >------------------
[INFO] Building familynest-backend 0.0.1-SNAPSHOT
[INFO]   from pom.xml
[INFO] --------------------------------[ jar ]---------------------------------
[INFO] 
[INFO] >>> spring-boot:3.2.5:run (default-cli) > test-compile @ familynest-backend >>>
[WARNING] The artifact org.hibernate:hibernate-jcache:jar:6.4.4.Final has been relocated to org.hibernate.orm:hibernate-jcache:jar:6.4.4.Final
[INFO] 
[INFO] --- resources:3.3.1:resources (default-resources) @ familynest-backend ---
[INFO] Copying 8 resources from src/main/resources to target/classes
[INFO] Copying 21 resources from src/main/resources to target/classes
[INFO] 
[INFO] --- compiler:3.11.0:compile (default-compile) @ familynest-backend ---
[INFO] Changes detected - recompiling the module! :input tree
[INFO] Compiling 70 source files with javac [debug release 17] to target/classes
[INFO] -------------------------------------------------------------
[ERROR] COMPILATION ERROR : 
[INFO] -------------------------------------------------------------
[ERROR] /Users/Anthony/projects/familynest-project/familynest-backend/src/main/java/com/familynest/controller/UserController.java:[507,45] cannot find symbol
  symbol:   method updateUserPhoto(java.lang.Long,java.lang.String)
  location: variable userRepository of type com.familynest.repository.UserRepository
[ERROR] /Users/Anthony/projects/familynest-project/familynest-backend/src/main/java/com/familynest/controller/UserController.java:[743,62] cannot find symbol
  symbol:   method existsByUserIdAndFamilyId(java.lang.Long,java.lang.Long)
  location: variable userFamilyMembershipRepository of type com.familynest.repository.UserFamilyMembershipRepository
[ERROR] /Users/Anthony/projects/familynest-project/familynest-backend/src/main/java/com/familynest/controller/UserController.java:[759,65] cannot find symbol
  symbol:   method findRoleByUserIdAndFamilyId(java.lang.Long,java.lang.Long)
  location: variable userFamilyMembershipRepository of type com.familynest.repository.UserFamilyMembershipRepository
[ERROR] /Users/Anthony/projects/familynest-project/familynest-backend/src/main/java/com/familynest/controller/UserController.java:[769,45] cannot find symbol
  symbol:   method findUsernameById(java.lang.Long)
  location: variable userRepository of type com.familynest.repository.UserRepository
[ERROR] /Users/Anthony/projects/familynest-project/familynest-backend/src/main/java/com/familynest/controller/UserController.java:[1640,79] cannot find symbol
  symbol:   method findFamiliesCreatedByUser(java.lang.Long)
  location: variable familyRepository of type com.familynest.repository.FamilyRepository
[INFO] 5 errors 
[INFO] -------------------------------------------------------------
[INFO] ------------------------------------------------------------------------
[INFO] BUILD FAILURE
[INFO] ------------------------------------------------------------------------
[INFO] Total time:  5.028 s
[INFO] Finished at: 2025-05-16T18:39:28-07:00
[INFO] ------------------------------------------------------------------------
[ERROR] Failed to execute goal org.apache.maven.plugins:maven-compiler-plugin:3.11.0:compile (default-compile) on project familynest-backend: Compilation failure: Compilation failure: 
[ERROR] /Users/Anthony/projects/familynest-project/familynest-backend/src/main/java/com/familynest/controller/UserController.java:[507,45] cannot find symbol
[ERROR]   symbol:   method updateUserPhoto(java.lang.Long,java.lang.String)
[ERROR]   location: variable userRepository of type com.familynest.repository.UserRepository
[ERROR] /Users/Anthony/projects/familynest-project/familynest-backend/src/main/java/com/familynest/controller/UserController.java:[743,62] cannot find symbol
[ERROR]   symbol:   method existsByUserIdAndFamilyId(java.lang.Long,java.lang.Long)
[ERROR]   location: variable userFamilyMembershipRepository of type com.familynest.repository.UserFamilyMembershipRepository
[ERROR] /Users/Anthony/projects/familynest-project/familynest-backend/src/main/java/com/familynest/controller/UserController.java:[759,65] cannot find symbol
[ERROR]   symbol:   method findRoleByUserIdAndFamilyId(java.lang.Long,java.lang.Long)
[ERROR]   location: variable userFamilyMembershipRepository of type com.familynest.repository.UserFamilyMembershipRepository
[ERROR] /Users/Anthony/projects/familynest-project/familynest-backend/src/main/java/com/familynest/controller/UserController.java:[769,45] cannot find symbol
[ERROR]   symbol:   method findUsernameById(java.lang.Long)
[ERROR]   location: variable userRepository of type com.familynest.repository.UserRepository
[ERROR] /Users/Anthony/projects/familynest-project/familynest-backend/src/main/java/com/familynest/controller/UserController.java:[1640,79] cannot find symbol
[ERROR]   symbol:   method findFamiliesCreatedByUser(java.lang.Long)
[ERROR]   location: variable familyRepository of type com.familynest.repository.FamilyRepository
[ERROR] -> [Help 1]
[ERROR] 
[ERROR] To see the full stack trace of the errors, re-run Maven with the -e switch.
[ERROR] Re-run Maven using the -X switch to enable full debug logging.
[ERROR] 
[ERROR] For more information about the errors and possible solutions, please read the following articles:
[ERROR] [Help 1] http://cwiki.apache.org/confluence/display/MAVEN/MojoFailureException
